2026-04-01 07:52:53 [INFO] 🚀 GitHub Actions 定时任务启动...
2026-04-01 07:52:53 [INFO] 🆕 未发现历史状态，创建全新初始化状态。
2026-04-01 07:52:53 [INFO] 🔑 正在与 Yahoo 进行防风控底层握手...
2026-04-01 07:52:53 [INFO] 🌅 新交易日 [2026-04-01] 开启，状态重置。
2026-04-01 07:52:53 [INFO] 📡 启动双核宏观扫描...
2026-04-01 07:52:59 [INFO] ▶ 黄金: NONE -> NONE | 蓄水池: CASH -> CASH
2026-04-01 07:52:59 [INFO] 💾 状态已更新至本地文件。
2026-04-01 07:52:59 [INFO] 🏁 本次执行结束，容器即将销毁。
2026-04-01 08:37:46 [INFO] 🚀 GitHub Actions 定时任务启动...
2026-04-01 08:37:46 [INFO] ✅ 成功读取历史状态记忆。
2026-04-01 08:37:46 [INFO] 🔑 正在与 Yahoo 进行防风控底层握手...
2026-04-01 08:37:47 [INFO] 📡 启动双核宏观扫描...
2026-04-01 08:38:03 [INFO] ▶ 黄金: NONE -> NONE | 蓄水池: CASH -> CASH
2026-04-01 08:38:03 [INFO] 💾 状态已更新至本地文件。
2026-04-01 08:38:03 [INFO] 🏁 本次执行结束，容器即将销毁。
2026-04-01 09:06:50 [INFO] 🚀 GitHub Actions 定时任务启动...
2026-04-01 09:06:50 [INFO] ✅ 成功读取历史状态记忆。
2026-04-01 09:06:50 [INFO] 🔑 正在与 Yahoo 进行防风控底层握手...
2026-04-01 09:06:50 [INFO] 
[09:06:50] 📡 启动 Z-Score 宏观扫描与均线核对...
2026-04-01 09:06:53 [INFO] ▶ 现价: $4756.80 | 仓位状态: NONE
2026-04-01 09:06:53 [INFO] ▶ 均线: MA20 $4803.77 | MA60 $4877.88 | MA200 $4109.67 | 多头排列: ❌
2026-04-01 09:06:53 [INFO] ▶ 宏观 Z-Score: -1.48 (TIPS: 2.04%, DXY: 99.51) (分界线 -0.5) | VIX: 24.78
2026-04-01 09:06:53 [INFO] 🛌 阵地静默。不在多头顺风区，安心让资金在 [逆回购] 里赚取年化复利。
2026-04-01 09:06:53 [INFO] 💾 状态已更新至本地文件。
2026-04-01 09:06:53 [INFO] 🏁 本次执行结束，容器即将销毁。
